Frontend/Voting App/VoteVault/android/app/build/intermediates/manifest_merge_blame_file/debug/manifest-merger-blame-debug-report.txt
1<?xml version="1.0" encoding="utf-8"?>
2<manifest xmlns:android="http://schemas.android.com/apk/res/android"
3    package="io.ionic.starter"
4    android:versionCode="1"
5    android:versionName="1.0" >
6
7    <uses-sdk
8        android:minSdkVersion="21"
8-->src\main\AndroidManifest.xml
9        android:targetSdkVersion="30" />
9-->src\main\AndroidManifest.xml
10
11    <!-- Permissions -->
12
13    <uses-permission android:name="android.permission.INTERNET" />
13-->src\main\AndroidManifest.xml:40:5-67
13-->src\main\AndroidManifest.xml:40:22-64
14    <uses-permission android:name="android.permission.CAMERA" />
14-->[:capacitor-cordova-android-plugins] AndroidManifest.xml:10:5-65
14-->[:capacitor-cordova-android-plugins] AndroidManifest.xml:10:22-62
15    <uses-permission android:name="android.permission.FLASHLIGHT" />
15-->[:capacitor-cordova-android-plugins] AndroidManifest.xml:11:5-69
15-->[:capacitor-cordova-android-plugins] AndroidManifest.xml:11:22-66
16
17    <uses-feature
17-->[:capacitor-cordova-android-plugins] AndroidManifest.xml:13:5-15:35
18        android:name="android.hardware.camera"
18-->[:capacitor-cordova-android-plugins] AndroidManifest.xml:14:9-47
19        android:required="true" />
19-->[:capacitor-cordova-android-plugins] AndroidManifest.xml:15:9-32
20
21    <uses-permission android:name="android.permission.VIBRATE" />
21-->[:capacitor-haptics] AndroidManifest.xml:9:5-66
21-->[:capacitor-haptics] AndroidManifest.xml:9:22-63
22
23    <application
23-->src\main\AndroidManifest.xml:5:5-36:19
24        android:allowBackup="true"
24-->src\main\AndroidManifest.xml:6:9-35
25        android:appComponentFactory="androidx.core.app.CoreComponentFactory"
25-->[androidx.core:core:1.3.2] AndroidManifest.xml:24:18-86
26        android:debuggable="true"
27        android:icon="@mipmap/ic_launcher"
27-->src\main\AndroidManifest.xml:7:9-43
28        android:label="@string/app_name"
28-->src\main\AndroidManifest.xml:8:9-41
29        android:roundIcon="@mipmap/ic_launcher_round"
29-->src\main\AndroidManifest.xml:9:9-54
30        android:supportsRtl="true"
30-->src\main\AndroidManifest.xml:10:9-35
31        android:theme="@style/AppTheme" >
31-->src\main\AndroidManifest.xml:11:9-40
32        <activity
32-->src\main\AndroidManifest.xml:13:9-25:20
33            android:name="io.ionic.starter.MainActivity"
33-->src\main\AndroidManifest.xml:15:13-57
34            android:configChanges="orientation|keyboardHidden|keyboard|screenSize|locale|smallestScreenSize|screenLayout|uiMode"
34-->src\main\AndroidManifest.xml:14:13-129
35            android:label="@string/title_activity_main"
35-->src\main\AndroidManifest.xml:16:13-56
36            android:launchMode="singleTask"
36-->src\main\AndroidManifest.xml:18:13-44
37            android:theme="@style/AppTheme.NoActionBarLaunch" >
37-->src\main\AndroidManifest.xml:17:13-62
38            <intent-filter>
38-->src\main\AndroidManifest.xml:20:13-23:29
39                <action android:name="android.intent.action.MAIN" />
39-->src\main\AndroidManifest.xml:21:17-69
39-->src\main\AndroidManifest.xml:21:25-66
40
41                <category android:name="android.intent.category.LAUNCHER" />
41-->src\main\AndroidManifest.xml:22:17-77
41-->src\main\AndroidManifest.xml:22:27-74
42            </intent-filter>
43        </activity>
44
45        <provider
46            android:name="androidx.core.content.FileProvider"
46-->src\main\AndroidManifest.xml:28:13-62
47            android:authorities="io.ionic.starter.fileprovider"
47-->src\main\AndroidManifest.xml:29:13-64
48            android:exported="false"
48-->src\main\AndroidManifest.xml:30:13-37
49            android:grantUriPermissions="true" >
49-->src\main\AndroidManifest.xml:31:13-47
50            <meta-data
50-->src\main\AndroidManifest.xml:32:13-34:64
51                android:name="android.support.FILE_PROVIDER_PATHS"
51-->src\main\AndroidManifest.xml:33:17-67
52                android:resource="@xml/file_paths" />
52-->src\main\AndroidManifest.xml:34:17-51
53        </provider>
54
55        <meta-data
55-->[:capacitor-cordova-android-plugins] AndroidManifest.xml:18:9-20:36
56            android:name="android.max_aspect"
56-->[:capacitor-cordova-android-plugins] AndroidManifest.xml:19:13-46
57            android:value="2.16" />
57-->[:capacitor-cordova-android-plugins] AndroidManifest.xml:20:13-33
58
59        <activity
59-->[:capacitor-cordova-android-plugins] AndroidManifest.xml:22:9-28:63
60            android:name="com.google.zxing.client.android.CaptureActivity"
60-->[:capacitor-cordova-android-plugins] AndroidManifest.xml:23:13-75
61            android:clearTaskOnLaunch="true"
61-->[:capacitor-cordova-android-plugins] AndroidManifest.xml:24:13-45
62            android:configChanges="orientation|keyboardHidden|screenSize"
62-->[:capacitor-cordova-android-plugins] AndroidManifest.xml:25:13-74
63            android:exported="false"
63-->[:capacitor-cordova-android-plugins] AndroidManifest.xml:26:13-37
64            android:theme="@android:style/Theme.NoTitleBar.Fullscreen"
64-->[:capacitor-cordova-android-plugins] AndroidManifest.xml:27:13-71
65            android:windowSoftInputMode="stateAlwaysHidden" />
65-->[:capacitor-cordova-android-plugins] AndroidManifest.xml:28:13-60
66        <activity
66-->[:capacitor-cordova-android-plugins] AndroidManifest.xml:29:9-31:37
67            android:name="com.google.zxing.client.android.encode.EncodeActivity"
67-->[:capacitor-cordova-android-plugins] AndroidManifest.xml:30:13-81
68            android:label="Share" />
68-->[:capacitor-cordova-android-plugins] AndroidManifest.xml:31:13-34
69    </application>
70
71</manifest>